
AVRASM ver. 2.1.30  D:\Move\MCU Programmer\Elinfo UGM\List\UNNES v222.asm Tue Jul 02 21:00:11 2013

D:\Move\MCU Programmer\Elinfo UGM\List\UNNES v222.asm(1072): warning: Register r5 already defined by the .DEF directive
D:\Move\MCU Programmer\Elinfo UGM\List\UNNES v222.asm(1073): warning: Register r4 already defined by the .DEF directive
D:\Move\MCU Programmer\Elinfo UGM\List\UNNES v222.asm(1074): warning: Register r7 already defined by the .DEF directive
                 
                 
                 ;CodeVisionAVR C Compiler V2.05.3 Standard
                 ;(C) Copyright 1998-2011 Pavel Haiduc, HP InfoTech s.r.l.
                 ;http://www.hpinfotech.com
                 
                 ;Chip type                : ATmega32
                 ;Program type             : Application
                 ;Clock frequency          : 16.000000 MHz
                 ;Memory model             : Small
                 ;Optimize for             : Size
                 ;(s)printf features       : int, width
                 ;(s)scanf features        : int, width
                 ;External RAM size        : 0
                 ;Data Stack size          : 512 byte(s)
                 ;Heap size                : 0 byte(s)
                 ;Promote 'char' to 'int'  : Yes
                 ;'char' is unsigned       : Yes
                 ;8 bit enums              : Yes
                 ;Global 'const' stored in FLASH     : No
                 ;Enhanced function parameter passing: Yes
                 ;Enhanced core instructions         : On
                 ;Smart register allocation          : On
                 ;Automatic register allocation      : On
                 
                 	#pragma AVRPART ADMIN PART_NAME ATmega32
                 	#pragma AVRPART MEMORY PROG_FLASH 32768
                 	#pragma AVRPART MEMORY EEPROM 1024
                 	#pragma AVRPART MEMORY INT_SRAM SIZE 2143
                 	#pragma AVRPART MEMORY INT_SRAM START_ADDR 0x60
                 
                 	#define CALL_SUPPORTED 1
                 
                 	.LISTMAC
                 	.EQU UDRE=0x5
                 	.EQU RXC=0x7
                 	.EQU USR=0xB
                 	.EQU UDR=0xC
                 	.EQU SPSR=0xE
                 	.EQU SPDR=0xF
                 	.EQU EERE=0x0
                 	.EQU EEWE=0x1
                 	.EQU EEMWE=0x2
                 	.EQU EECR=0x1C
                 	.EQU EEDR=0x1D
                 	.EQU EEARL=0x1E
                 	.EQU EEARH=0x1F
                 	.EQU WDTCR=0x21
                 	.EQU MCUCR=0x35
                 	.EQU GICR=0x3B
                 	.EQU SPL=0x3D
                 	.EQU SPH=0x3E
                 	.EQU SREG=0x3F
                 
                 	.DEF R0X0=R0
                 	.DEF R0X1=R1
                 	.DEF R0X2=R2
                 	.DEF R0X3=R3
                 	.DEF R0X4=R4
                 	.DEF R0X5=R5
                 	.DEF R0X6=R6
                 	.DEF R0X7=R7
                 	.DEF R0X8=R8
                 	.DEF R0X9=R9
                 	.DEF R0XA=R10
                 	.DEF R0XB=R11
                 	.DEF R0XC=R12
                 	.DEF R0XD=R13
                 	.DEF R0XE=R14
                 	.DEF R0XF=R15
                 	.DEF R0X10=R16
                 	.DEF R0X11=R17
                 	.DEF R0X12=R18
                 	.DEF R0X13=R19
                 	.DEF R0X14=R20
                 	.DEF R0X15=R21
                 	.DEF R0X16=R22
                 	.DEF R0X17=R23
                 	.DEF R0X18=R24
                 	.DEF R0X19=R25
                 	.DEF R0X1A=R26
                 	.DEF R0X1B=R27
                 	.DEF R0X1C=R28
                 	.DEF R0X1D=R29
                 	.DEF R0X1E=R30
                 	.DEF R0X1F=R31
                 
                 	.EQU __SRAM_START=0x0060
                 	.EQU __SRAM_END=0x085F
                 	.EQU __DSTACK_SIZE=0x0200
                 	.EQU __HEAP_SIZE=0x0000
                 	.EQU __CLEAR_SRAM_SIZE=__SRAM_END-__SRAM_START+1
                 
                 	.MACRO __CPD1N
                 	CPI  R30,LOW(@0)
                 	LDI  R26,HIGH(@0)
                 	CPC  R31,R26
                 	LDI  R26,BYTE3(@0)
                 	CPC  R22,R26
                 	LDI  R26,BYTE4(@0)
                 	CPC  R23,R26
                 	.ENDM
                 
                 	.MACRO __CPD2N
                 	CPI  R26,LOW(@0)
                 	LDI  R30,HIGH(@0)
                 	CPC  R27,R30
                 	LDI  R30,BYTE3(@0)
                 	CPC  R24,R30
                 	LDI  R30,BYTE4(@0)
                 	CPC  R25,R30
                 	.ENDM
                 
                 	.MACRO __CPWRR
                 	CP   R@0,R@2
                 	CPC  R@1,R@3
                 	.ENDM
                 
                 	.MACRO __CPWRN
                 	CPI  R@0,LOW(@2)
                 	LDI  R30,HIGH(@2)
                 	CPC  R@1,R30
                 	.ENDM
                 
                 	.MACRO __ADDB1MN
                 	SUBI R30,LOW(-@0-(@1))
                 	.ENDM
                 
                 	.MACRO __ADDB2MN
                 	SUBI R26,LOW(-@0-(@1))
                 	.ENDM
                 
                 	.MACRO __ADDW1MN
                 	SUBI R30,LOW(-@0-(@1))
                 	SBCI R31,HIGH(-@0-(@1))
                 	.ENDM
                 
                 	.MACRO __ADDW2MN
                 	SUBI R26,LOW(-@0-(@1))
                 	SBCI R27,HIGH(-@0-(@1))
                 	.ENDM
                 
                 	.MACRO __ADDW1FN
                 	SUBI R30,LOW(-2*@0-(@1))
                 	SBCI R31,HIGH(-2*@0-(@1))
                 	.ENDM
                 
                 	.MACRO __ADDD1FN
                 	SUBI R30,LOW(-2*@0-(@1))
                 	SBCI R31,HIGH(-2*@0-(@1))
                 	SBCI R22,BYTE3(-2*@0-(@1))
                 	.ENDM
                 
                 	.MACRO __ADDD1N
                 	SUBI R30,LOW(-@0)
                 	SBCI R31,HIGH(-@0)
                 	SBCI R22,BYTE3(-@0)
                 	SBCI R23,BYTE4(-@0)
                 	.ENDM
                 
                 	.MACRO __ADDD2N
                 	SUBI R26,LOW(-@0)
                 	SBCI R27,HIGH(-@0)
                 	SBCI R24,BYTE3(-@0)
                 	SBCI R25,BYTE4(-@0)
                 	.ENDM
                 
                 	.MACRO __SUBD1N
                 	SUBI R30,LOW(@0)
                 	SBCI R31,HIGH(@0)
                 	SBCI R22,BYTE3(@0)
                 	SBCI R23,BYTE4(@0)
                 	.ENDM
                 
                 	.MACRO __SUBD2N
                 	SUBI R26,LOW(@0)
                 	SBCI R27,HIGH(@0)
                 	SBCI R24,BYTE3(@0)
                 	SBCI R25,BYTE4(@0)
                 	.ENDM
                 
                 	.MACRO __ANDBMNN
                 	LDS  R30,@0+(@1)
                 	ANDI R30,LOW(@2)
                 	STS  @0+(@1),R30
                 	.ENDM
                 
                 	.MACRO __ANDWMNN
                 	LDS  R30,@0+(@1)
                 	ANDI R30,LOW(@2)
                 	STS  @0+(@1),R30
                 	LDS  R30,@0+(@1)+1
                 	ANDI R30,HIGH(@2)
                 	STS  @0+(@1)+1,R30
                 	.ENDM
                 
                 	.MACRO __ANDD1N
                 	ANDI R30,LOW(@0)
                 	ANDI R31,HIGH(@0)
                 	ANDI R22,BYTE3(@0)
                 	ANDI R23,BYTE4(@0)
                 	.ENDM
                 
                 	.MACRO __ANDD2N
                 	ANDI R26,LOW(@0)
                 	ANDI R27,HIGH(@0)
                 	ANDI R24,BYTE3(@0)
                 	ANDI R25,BYTE4(@0)
                 	.ENDM
                 
                 	.MACRO __ORBMNN
                 	LDS  R30,@0+(@1)
                 	ORI  R30,LOW(@2)
                 	STS  @0+(@1),R30
                 	.ENDM
                 
                 	.MACRO __ORWMNN
                 	LDS  R30,@0+(@1)
                 	ORI  R30,LOW(@2)
                 	STS  @0+(@1),R30
                 	LDS  R30,@0+(@1)+1
                 	ORI  R30,HIGH(@2)
                 	STS  @0+(@1)+1,R30
                 	.ENDM
                 
                 	.MACRO __ORD1N
                 	ORI  R30,LOW(@0)
                 	ORI  R31,HIGH(@0)
                 	ORI  R22,BYTE3(@0)
                 	ORI  R23,BYTE4(@0)
                 	.ENDM
                 
                 	.MACRO __ORD2N
                 	ORI  R26,LOW(@0)
                 	ORI  R27,HIGH(@0)
                 	ORI  R24,BYTE3(@0)
                 	ORI  R25,BYTE4(@0)
                 	.ENDM
                 
                 	.MACRO __DELAY_USB
                 	LDI  R24,LOW(@0)
                 __DELAY_USB_LOOP:
                 	DEC  R24
                 	BRNE __DELAY_USB_LOOP
                 	.ENDM
                 
                 	.MACRO __DELAY_USW
                 	LDI  R24,LOW(@0)
                 	LDI  R25,HIGH(@0)
                 __DELAY_USW_LOOP:
                 	SBIW R24,1
                 	BRNE __DELAY_USW_LOOP
                 	.ENDM
                 
                 	.MACRO __GETD1S
                 	LDD  R30,Y+@0
                 	LDD  R31,Y+@0+1
                 	LDD  R22,Y+@0+2
                 	LDD  R23,Y+@0+3
                 	.ENDM
                 
                 	.MACRO __GETD2S
                 	LDD  R26,Y+@0
                 	LDD  R27,Y+@0+1
                 	LDD  R24,Y+@0+2
                 	LDD  R25,Y+@0+3
                 	.ENDM
                 
                 	.MACRO __PUTD1S
                 	STD  Y+@0,R30
                 	STD  Y+@0+1,R31
                 	STD  Y+@0+2,R22
                 	STD  Y+@0+3,R23
                 	.ENDM
                 
                 	.MACRO __PUTD2S
                 	STD  Y+@0,R26
                 	STD  Y+@0+1,R27
                 	STD  Y+@0+2,R24
                 	STD  Y+@0+3,R25
                 	.ENDM
                 
                 	.MACRO __PUTDZ2
                 	STD  Z+@0,R26
                 	STD  Z+@0+1,R27
                 	STD  Z+@0+2,R24
                 	STD  Z+@0+3,R25
                 	.ENDM
                 
                 	.MACRO __CLRD1S
                 	STD  Y+@0,R30
                 	STD  Y+@0+1,R30
                 	STD  Y+@0+2,R30
                 	STD  Y+@0+3,R30
                 	.ENDM
                 
                 	.MACRO __POINTB1MN
                 	LDI  R30,LOW(@0+(@1))
                 	.ENDM
                 
                 	.MACRO __POINTW1MN
                 	LDI  R30,LOW(@0+(@1))
                 	LDI  R31,HIGH(@0+(@1))
                 	.ENDM
                 
                 	.MACRO __POINTD1M
                 	LDI  R30,LOW(@0)
                 	LDI  R31,HIGH(@0)
                 	LDI  R22,BYTE3(@0)
                 	LDI  R23,BYTE4(@0)
                 	.ENDM
                 
                 	.MACRO __POINTW1FN
                 	LDI  R30,LOW(2*@0+(@1))
                 	LDI  R31,HIGH(2*@0+(@1))
                 	.ENDM
                 
                 	.MACRO __POINTD1FN
                 	LDI  R30,LOW(2*@0+(@1))
                 	LDI  R31,HIGH(2*@0+(@1))
                 	LDI  R22,BYTE3(2*@0+(@1))
                 	LDI  R23,BYTE4(2*@0+(@1))
                 	.ENDM
                 
                 	.MACRO __POINTB2MN
                 	LDI  R26,LOW(@0+(@1))
                 	.ENDM
                 
                 	.MACRO __POINTW2MN
                 	LDI  R26,LOW(@0+(@1))
                 	LDI  R27,HIGH(@0+(@1))
                 	.ENDM
                 
                 	.MACRO __POINTW2FN
                 	LDI  R26,LOW(2*@0+(@1))
                 	LDI  R27,HIGH(2*@0+(@1))
                 	.ENDM
                 
                 	.MACRO __POINTD2FN
                 	LDI  R26,LOW(2*@0+(@1))
                 	LDI  R27,HIGH(2*@0+(@1))
                 	LDI  R24,BYTE3(2*@0+(@1))
                 	LDI  R25,BYTE4(2*@0+(@1))
                 	.ENDM
                 
                 	.MACRO __POINTBRM
                 	LDI  R@0,LOW(@1)
                 	.ENDM
                 
                 	.MACRO __POINTWRM
                 	LDI  R@0,LOW(@2)
                 	LDI  R@1,HIGH(@2)
                 	.ENDM
                 
                 	.MACRO __POINTBRMN
                 	LDI  R@0,LOW(@1+(@2))
                 	.ENDM
                 
                 	.MACRO __POINTWRMN
                 	LDI  R@0,LOW(@2+(@3))
                 	LDI  R@1,HIGH(@2+(@3))
                 	.ENDM
                 
                 	.MACRO __POINTWRFN
                 	LDI  R@0,LOW(@2*2+(@3))
                 	LDI  R@1,HIGH(@2*2+(@3))
                 	.ENDM
                 
                 	.MACRO __GETD1N
                 	LDI  R30,LOW(@0)
                 	LDI  R31,HIGH(@0)
                 	LDI  R22,BYTE3(@0)
                 	LDI  R23,BYTE4(@0)
                 	.ENDM
                 
                 	.MACRO __GETD2N
                 	LDI  R26,LOW(@0)
                 	LDI  R27,HIGH(@0)
                 	LDI  R24,BYTE3(@0)
                 	LDI  R25,BYTE4(@0)
                 	.ENDM
                 
                 	.MACRO __GETB1MN
                 	LDS  R30,@0+(@1)
                 	.ENDM
                 
                 	.MACRO __GETB1HMN
                 	LDS  R31,@0+(@1)
                 	.ENDM
                 
                 	.MACRO __GETW1MN
                 	LDS  R30,@0+(@1)
                 	LDS  R31,@0+(@1)+1
                 	.ENDM
                 
                 	.MACRO __GETD1MN
                 	LDS  R30,@0+(@1)
                 	LDS  R31,@0+(@1)+1
                 	LDS  R22,@0+(@1)+2
                 	LDS  R23,@0+(@1)+3
                 	.ENDM
                 
                 	.MACRO __GETBRMN
                 	LDS  R@0,@1+(@2)
                 	.ENDM
                 
                 	.MACRO __GETWRMN
                 	LDS  R@0,@2+(@3)
                 	LDS  R@1,@2+(@3)+1
                 	.ENDM
                 
                 	.MACRO __GETWRZ
                 	LDD  R@0,Z+@2
                 	LDD  R@1,Z+@2+1
                 	.ENDM
                 
                 	.MACRO __GETD2Z
                 	LDD  R26,Z+@0
                 	LDD  R27,Z+@0+1
                 	LDD  R24,Z+@0+2
                 	LDD  R25,Z+@0+3
                 	.ENDM
                 
                 	.MACRO __GETB2MN
                 	LDS  R26,@0+(@1)
                 	.ENDM
                 
                 	.MACRO __GETW2MN
                 	LDS  R26,@0+(@1)
                 	LDS  R27,@0+(@1)+1
                 	.ENDM
                 
                 	.MACRO __GETD2MN
                 	LDS  R26,@0+(@1)
                 	LDS  R27,@0+(@1)+1
                 	LDS  R24,@0+(@1)+2
                 	LDS  R25,@0+(@1)+3
                 	.ENDM
                 
                 	.MACRO __PUTB1MN
                 	STS  @0+(@1),R30
                 	.ENDM
                 
                 	.MACRO __PUTW1MN
                 	STS  @0+(@1),R30
                 	STS  @0+(@1)+1,R31
                 	.ENDM
                 
                 	.MACRO __PUTD1MN
                 	STS  @0+(@1),R30
                 	STS  @0+(@1)+1,R31
                 	STS  @0+(@1)+2,R22
                 	STS  @0+(@1)+3,R23
                 	.ENDM
                 
                 	.MACRO __PUTB1EN
                 	LDI  R26,LOW(@0+(@1))
                 	LDI  R27,HIGH(@0+(@1))
                 	CALL __EEPROMWRB
                 	.ENDM
                 
                 	.MACRO __PUTW1EN
                 	LDI  R26,LOW(@0+(@1))
                 	LDI  R27,HIGH(@0+(@1))
                 	CALL __EEPROMWRW
                 	.ENDM
                 
                 	.MACRO __PUTD1EN
                 	LDI  R26,LOW(@0+(@1))
                 	LDI  R27,HIGH(@0+(@1))
                 	CALL __EEPROMWRD
                 	.ENDM
                 
                 	.MACRO __PUTBR0MN
                 	STS  @0+(@1),R0
                 	.ENDM
                 
                 	.MACRO __PUTBMRN
                 	STS  @0+(@1),R@2
                 	.ENDM
                 
                 	.MACRO __PUTWMRN
                 	STS  @0+(@1),R@2
                 	STS  @0+(@1)+1,R@3
                 	.ENDM
                 
                 	.MACRO __PUTBZR
                 	STD  Z+@1,R@0
                 	.ENDM
                 
                 	.MACRO __PUTWZR
                 	STD  Z+@2,R@0
                 	STD  Z+@2+1,R@1
                 	.ENDM
                 
                 	.MACRO __GETW1R
                 	MOV  R30,R@0
                 	MOV  R31,R@1
                 	.ENDM
                 
                 	.MACRO __GETW2R
                 	MOV  R26,R@0
                 	MOV  R27,R@1
                 	.ENDM
                 
                 	.MACRO __GETWRN
                 	LDI  R@0,LOW(@2)
                 	LDI  R@1,HIGH(@2)
                 	.ENDM
                 
                 	.MACRO __PUTW1R
                 	MOV  R@0,R30
                 	MOV  R@1,R31
                 	.ENDM
                 
                 	.MACRO __PUTW2R
                 	MOV  R@0,R26
                 	MOV  R@1,R27
                 	.ENDM
                 
                 	.MACRO __ADDWRN
                 	SUBI R@0,LOW(-@2)
                 	SBCI R@1,HIGH(-@2)
                 	.ENDM
                 
                 	.MACRO __ADDWRR
                 	ADD  R@0,R@2
                 	ADC  R@1,R@3
                 	.ENDM
                 
                 	.MACRO __SUBWRN
                 	SUBI R@0,LOW(@2)
                 	SBCI R@1,HIGH(@2)
                 	.ENDM
                 
                 	.MACRO __SUBWRR
                 	SUB  R@0,R@2
                 	SBC  R@1,R@3
                 	.ENDM
                 
                 	.MACRO __ANDWRN
                 	ANDI R@0,LOW(@2)
                 	ANDI R@1,HIGH(@2)
                 	.ENDM
                 
                 	.MACRO __ANDWRR
                 	AND  R@0,R@2
                 	AND  R@1,R@3
                 	.ENDM
                 
                 	.MACRO __ORWRN
                 	ORI  R@0,LOW(@2)
                 	ORI  R@1,HIGH(@2)
                 	.ENDM
                 
                 	.MACRO __ORWRR
                 	OR   R@0,R@2
                 	OR   R@1,R@3
                 	.ENDM
                 
                 	.MACRO __EORWRR
                 	EOR  R@0,R@2
                 	EOR  R@1,R@3
                 	.ENDM
                 
                 	.MACRO __GETWRS
                 	LDD  R@0,Y+@2
                 	LDD  R@1,Y+@2+1
                 	.ENDM
                 
                 	.MACRO __PUTBSR
                 	STD  Y+@1,R@0
                 	.ENDM
                 
                 	.MACRO __PUTWSR
                 	STD  Y+@2,R@0
                 	STD  Y+@2+1,R@1
                 	.ENDM
                 
                 	.MACRO __MOVEWRR
                 	MOV  R@0,R@2
                 	MOV  R@1,R@3
                 	.ENDM
                 
                 	.MACRO __INWR
                 	IN   R@0,@2
                 	IN   R@1,@2+1
                 	.ENDM
                 
                 	.MACRO __OUTWR
                 	OUT  @2+1,R@1
                 	OUT  @2,R@0
                 	.ENDM
                 
                 	.MACRO __CALL1MN
                 	LDS  R30,@0+(@1)
                 	LDS  R31,@0+(@1)+1
                 	ICALL
                 	.ENDM
                 
                 	.MACRO __CALL1FN
                 	LDI  R30,LOW(2*@0+(@1))
                 	LDI  R31,HIGH(2*@0+(@1))
                 	CALL __GETW1PF
                 	ICALL
                 	.ENDM
                 
                 	.MACRO __CALL2EN
                 	LDI  R26,LOW(@0+(@1))
                 	LDI  R27,HIGH(@0+(@1))
                 	CALL __EEPROMRDW
                 	ICALL
                 	.ENDM
                 
                 	.MACRO __GETW1STACK
                 	IN   R26,SPL
                 	IN   R27,SPH
                 	ADIW R26,@0+1
                 	LD   R30,X+
                 	LD   R31,X
                 	.ENDM
                 
                 	.MACRO __GETD1STACK
                 	IN   R26,SPL
                 	IN   R27,SPH
                 	ADIW R26,@0+1
                 	LD   R30,X+
                 	LD   R31,X+
                 	LD   R22,X
                 	.ENDM
                 
                 	.MACRO __NBST
                 	BST  R@0,@1
                 	IN   R30,SREG
                 	LDI  R31,0x40
                 	EOR  R30,R31
                 	OUT  SREG,R30
                 	.ENDM
                 
                 
                 	.MACRO __PUTB1SN
                 	LDD  R26,Y+@0
                 	LDD  R27,Y+@0+1
                 	SUBI R26,LOW(-@1)
                 	SBCI R27,HIGH(-@1)
                 	ST   X,R30
                 	.ENDM
                 
                 	.MACRO __PUTW1SN
                 	LDD  R26,Y+@0
                 	LDD  R27,Y+@0+1
                 	SUBI R26,LOW(-@1)
                 	SBCI R27,HIGH(-@1)
                 	ST   X+,R30
                 	ST   X,R31
                 	.ENDM
                 
                 	.MACRO __PUTD1SN
                 	LDD  R26,Y+@0
                 	LDD  R27,Y+@0+1
                 	SUBI R26,LOW(-@1)
                 	SBCI R27,HIGH(-@1)
                 	CALL __PUTDP1
                 	.ENDM
                 
                 	.MACRO __PUTB1SNS
                 	LDD  R26,Y+@0
                 	LDD  R27,Y+@0+1
                 	ADIW R26,@1
                 	ST   X,R30
                 	.ENDM
                 
                 	.MACRO __PUTW1SNS
                 	LDD  R26,Y+@0
                 	LDD  R27,Y+@0+1
                 	ADIW R26,@1
                 	ST   X+,R30
                 	ST   X,R31
                 	.ENDM
                 
                 	.MACRO __PUTD1SNS
                 	LDD  R26,Y+@0
                 	LDD  R27,Y+@0+1
                 	ADIW R26,@1
                 	CALL __PUTDP1
                 	.ENDM
                 
                 	.MACRO __PUTB1PMN
                 	LDS  R26,@0
                 	LDS  R27,@0+1
                 	SUBI R26,LOW(-@1)
                 	SBCI R27,HIGH(-@1)
                 	ST   X,R30
                 	.ENDM
                 
                 	.MACRO __PUTW1PMN
                 	LDS  R26,@0
                 	LDS  R27,@0+1
                 	SUBI R26,LOW(-@1)
                 	SBCI R27,HIGH(-@1)
                 	ST   X+,R30
                 	ST   X,R31
                 	.ENDM
                 
                 	.MACRO __PUTD1PMN
                 	LDS  R26,@0
                 	LDS  R27,@0+1
                 	SUBI R26,LOW(-@1)
                 	SBCI R27,HIGH(-@1)
                 	CALL __PUTDP1
                 	.ENDM
                 
                 	.MACRO __PUTB1PMNS
                 	LDS  R26,@0
                 	LDS  R27,@0+1
                 	ADIW R26,@1
                 	ST   X,R30
                 	.ENDM
                 
                 	.MACRO __PUTW1PMNS
                 	LDS  R26,@0
                 	LDS  R27,@0+1
                 	ADIW R26,@1
                 	ST   X+,R30
                 	ST   X,R31
                 	.ENDM
                 
                 	.MACRO __PUTD1PMNS
                 	LDS  R26,@0
                 	LDS  R27,@0+1
                 	ADIW R26,@1
                 	CALL __PUTDP1
                 	.ENDM
                 
                 	.MACRO __PUTB1RN
                 	MOVW R26,R@0
                 	SUBI R26,LOW(-@1)
                 	SBCI R27,HIGH(-@1)
                 	ST   X,R30
                 	.ENDM
                 
                 	.MACRO __PUTW1RN
                 	MOVW R26,R@0
                 	SUBI R26,LOW(-@1)
                 	SBCI R27,HIGH(-@1)
                 	ST   X+,R30
                 	ST   X,R31
                 	.ENDM
                 
                 	.MACRO __PUTD1RN
                 	MOVW R26,R@0
                 	SUBI R26,LOW(-@1)
                 	SBCI R27,HIGH(-@1)
                 	CALL __PUTDP1
                 	.ENDM
                 
                 	.MACRO __PUTB1RNS
                 	MOVW R26,R@0
                 	ADIW R26,@1
                 	ST   X,R30
                 	.ENDM
                 
                 	.MACRO __PUTW1RNS
                 	MOVW R26,R@0
                 	ADIW R26,@1
                 	ST   X+,R30
                 	ST   X,R31
                 	.ENDM
                 
                 	.MACRO __PUTD1RNS
                 	MOVW R26,R@0
                 	ADIW R26,@1
                 	CALL __PUTDP1
                 	.ENDM
                 
                 	.MACRO __PUTB1RON
                 	MOV  R26,R@0
                 	MOV  R27,R@1
                 	SUBI R26,LOW(-@2)
                 	SBCI R27,HIGH(-@2)
                 	ST   X,R30
                 	.ENDM
                 
                 	.MACRO __PUTW1RON
                 	MOV  R26,R@0
                 	MOV  R27,R@1
                 	SUBI R26,LOW(-@2)
                 	SBCI R27,HIGH(-@2)
                 	ST   X+,R30
                 	ST   X,R31
                 	.ENDM
                 
                 	.MACRO __PUTD1RON
                 	MOV  R26,R@0
                 	MOV  R27,R@1
                 	SUBI R26,LOW(-@2)
                 	SBCI R27,HIGH(-@2)
                 	CALL __PUTDP1
                 	.ENDM
                 
                 	.MACRO __PUTB1RONS
                 	MOV  R26,R@0
                 	MOV  R27,R@1
                 	ADIW R26,@2
                 	ST   X,R30
                 	.ENDM
                 
                 	.MACRO __PUTW1RONS
                 	MOV  R26,R@0
                 	MOV  R27,R@1
                 	ADIW R26,@2
                 	ST   X+,R30
                 	ST   X,R31
                 	.ENDM
                 
                 	.MACRO __PUTD1RONS
                 	MOV  R26,R@0
                 	MOV  R27,R@1
                 	ADIW R26,@2
                 	CALL __PUTDP1
                 	.ENDM
                 
                 
                 	.MACRO __GETB1SX
                 	MOVW R30,R28
                 	SUBI R30,LOW(-@0)
                 	SBCI R31,HIGH(-@0)
                 	LD   R30,Z
                 	.ENDM
                 
                 	.MACRO __GETB1HSX
                 	MOVW R30,R28
                 	SUBI R30,LOW(-@0)
                 	SBCI R31,HIGH(-@0)
                 	LD   R31,Z
                 	.ENDM
                 
                 	.MACRO __GETW1SX
                 	MOVW R30,R28
                 	SUBI R30,LOW(-@0)
                 	SBCI R31,HIGH(-@0)
                 	LD   R0,Z+
                 	LD   R31,Z
                 	MOV  R30,R0
                 	.ENDM
                 
                 	.MACRO __GETD1SX
                 	MOVW R30,R28
                 	SUBI R30,LOW(-@0)
                 	SBCI R31,HIGH(-@0)
                 	LD   R0,Z+
                 	LD   R1,Z+
                 	LD   R22,Z+
                 	LD   R23,Z
                 	MOVW R30,R0
                 	.ENDM
                 
                 	.MACRO __GETB2SX
                 	MOVW R26,R28
                 	SUBI R26,LOW(-@0)
                 	SBCI R27,HIGH(-@0)
                 	LD   R26,X
                 	.ENDM
                 
                 	.MACRO __GETW2SX
                 	MOVW R26,R28
                 	SUBI R26,LOW(-@0)
                 	SBCI R27,HIGH(-@0)
                 	LD   R0,X+
                 	LD   R27,X
                 	MOV  R26,R0
                 	.ENDM
                 
                 	.MACRO __GETD2SX
                 	MOVW R26,R28
                 	SUBI R26,LOW(-@0)
                 	SBCI R27,HIGH(-@0)
                 	LD   R0,X+
                 	LD   R1,X+
                 	LD   R24,X+
                 	LD   R25,X
                 	MOVW R26,R0
                 	.ENDM
                 
                 	.MACRO __GETBRSX
                 	MOVW R30,R28
                 	SUBI R30,LOW(-@1)
                 	SBCI R31,HIGH(-@1)
                 	LD   R@0,Z
                 	.ENDM
                 
                 	.MACRO __GETWRSX
                 	MOVW R30,R28
                 	SUBI R30,LOW(-@2)
                 	SBCI R31,HIGH(-@2)
                 	LD   R@0,Z+
                 	LD   R@1,Z
                 	.ENDM
                 
                 	.MACRO __GETBRSX2
                 	MOVW R26,R28
                 	SUBI R26,LOW(-@1)
                 	SBCI R27,HIGH(-@1)
                 	LD   R@0,X
                 	.ENDM
                 
                 	.MACRO __GETWRSX2
                 	MOVW R26,R28
                 	SUBI R26,LOW(-@2)
                 	SBCI R27,HIGH(-@2)
                 	LD   R@0,X+
                 	LD   R@1,X
                 	.ENDM
                 
                 	.MACRO __LSLW8SX
                 	MOVW R30,R28
                 	SUBI R30,LOW(-@0)
                 	SBCI R31,HIGH(-@0)
                 	LD   R31,Z
                 	CLR  R30
                 	.ENDM
                 
                 	.MACRO __PUTB1SX
                 	MOVW R26,R28
                 	SUBI R26,LOW(-@0)
                 	SBCI R27,HIGH(-@0)
                 	ST   X,R30
                 	.ENDM
                 
                 	.MACRO __PUTW1SX
                 	MOVW R26,R28
                 	SUBI R26,LOW(-@0)
                 	SBCI R27,HIGH(-@0)
                 	ST   X+,R30
                 	ST   X,R31
                 	.ENDM
                 
                 	.MACRO __PUTD1SX
                 	MOVW R26,R28
                 	SUBI R26,LOW(-@0)
                 	SBCI R27,HIGH(-@0)
                 	ST   X+,R30
                 	ST   X+,R31
                 	ST   X+,R22
                 	ST   X,R23
                 	.ENDM
                 
                 	.MACRO __CLRW1SX
                 	MOVW R26,R28
                 	SUBI R26,LOW(-@0)
                 	SBCI R27,HIGH(-@0)
                 	ST   X+,R30
                 	ST   X,R30
                 	.ENDM
                 
                 	.MACRO __CLRD1SX
                 	MOVW R26,R28
                 	SUBI R26,LOW(-@0)
                 	SBCI R27,HIGH(-@0)
                 	ST   X+,R30
                 	ST   X+,R30
                 	ST   X+,R30
                 	ST   X,R30
                 	.ENDM
                 
                 	.MACRO __PUTB2SX
                 	MOVW R30,R28
                 	SUBI R30,LOW(-@0)
                 	SBCI R31,HIGH(-@0)
                 	ST   Z,R26
                 	.ENDM
                 
                 	.MACRO __PUTW2SX
                 	MOVW R30,R28
                 	SUBI R30,LOW(-@0)
                 	SBCI R31,HIGH(-@0)
                 	ST   Z+,R26
                 	ST   Z,R27
                 	.ENDM
                 
                 	.MACRO __PUTD2SX
                 	MOVW R30,R28
                 	SUBI R30,LOW(-@0)
                 	SBCI R31,HIGH(-@0)
                 	ST   Z+,R26
                 	ST   Z+,R27
                 	ST   Z+,R24
                 	ST   Z,R25
                 	.ENDM
                 
                 	.MACRO __PUTBSRX
                 	MOVW R30,R28
                 	SUBI R30,LOW(-@1)
                 	SBCI R31,HIGH(-@1)
                 	ST   Z,R@0
                 	.ENDM
                 
                 	.MACRO __PUTWSRX
                 	MOVW R30,R28
                 	SUBI R30,LOW(-@2)
                 	SBCI R31,HIGH(-@2)
                 	ST   Z+,R@0
                 	ST   Z,R@1
                 	.ENDM
                 
                 	.MACRO __PUTB1SNX
                 	MOVW R26,R28
                 	SUBI R26,LOW(-@0)
                 	SBCI R27,HIGH(-@0)
                 	LD   R0,X+
                 	LD   R27,X
                 	MOV  R26,R0
                 	SUBI R26,LOW(-@1)
                 	SBCI R27,HIGH(-@1)
                 	ST   X,R30
                 	.ENDM
                 
                 	.MACRO __PUTW1SNX
                 	MOVW R26,R28
                 	SUBI R26,LOW(-@0)
                 	SBCI R27,HIGH(-@0)
                 	LD   R0,X+
                 	LD   R27,X
                 	MOV  R26,R0
                 	SUBI R26,LOW(-@1)
                 	SBCI R27,HIGH(-@1)
                 	ST   X+,R30
                 	ST   X,R31
                 	.ENDM
                 
                 	.MACRO __PUTD1SNX
                 	MOVW R26,R28
                 	SUBI R26,LOW(-@0)
                 	SBCI R27,HIGH(-@0)
                 	LD   R0,X+
                 	LD   R27,X
                 	MOV  R26,R0
                 	SUBI R26,LOW(-@1)
                 	SBCI R27,HIGH(-@1)
                 	ST   X+,R30
                 	ST   X+,R31
                 	ST   X+,R22
                 	ST   X,R23
                 	.ENDM
                 
                 	.MACRO __MULBRR
                 	MULS R@0,R@1
                 	MOVW R30,R0
                 	.ENDM
                 
                 	.MACRO __MULBRRU
                 	MUL  R@0,R@1
                 	MOVW R30,R0
                 	.ENDM
                 
                 	.MACRO __MULBRR0
                 	MULS R@0,R@1
                 	.ENDM
                 
                 	.MACRO __MULBRRU0
                 	MUL  R@0,R@1
                 	.ENDM
                 
                 	.MACRO __MULBNWRU
                 	LDI  R26,@2
                 	MUL  R26,R@0
                 	MOVW R30,R0
                 	MUL  R26,R@1
                 	ADD  R31,R0
                 	.ENDM
                 
                 ;NAME DEFINITIONS FOR GLOBAL VARIABLES ALLOCATED TO REGISTERS
                 	.DEF __lcd_x=R5
                 	.DEF __lcd_y=R4
                 	.DEF __lcd_maxx=R7
                 
                 	.CSEG
                 	.ORG 0x00
                 
                 ;START OF CODE MARKER
                 __START_OF_CODE:
                 
                 ;INTERRUPT VECTORS
000000 940c 002f 	JMP  __RESET
000002 940c 0000 	JMP  0x00
000004 940c 0000 	JMP  0x00
000006 940c 0000 	JMP  0x00
000008 940c 0000 	JMP  0x00
00000a 940c 0000 	JMP  0x00
00000c 940c 0000 	JMP  0x00
00000e 940c 0000 	JMP  0x00
000010 940c 0000 	JMP  0x00
000012 940c 0000 	JMP  0x00
000014 940c 0000 	JMP  0x00
000016 940c 0000 	JMP  0x00
000018 940c 0000 	JMP  0x00
00001a 940c 0000 	JMP  0x00
00001c 940c 0000 	JMP  0x00
00001e 940c 0000 	JMP  0x00
000020 940c 0000 	JMP  0x00
000022 940c 0000 	JMP  0x00
000024 940c 0000 	JMP  0x00
000026 940c 0000 	JMP  0x00
000028 940c 0000 	JMP  0x00
                 
                 _0x2000003:
00002a c080      	.DB  0x80,0xC0
                 
                 __GLOBAL_INI_TBL:
00002b 0002      	.DW  0x02
00002c 0260      	.DW  __base_y_G100
00002d 0054      	.DW  _0x2000003*2
                 
                 _0xFFFFFFFF:
00002e 0000      	.DW  0
                 
                 __RESET:
00002f 94f8      	CLI
000030 27ee      	CLR  R30
000031 bbec      	OUT  EECR,R30
                 
                 ;INTERRUPT VECTORS ARE PLACED
                 ;AT THE START OF FLASH
000032 e0f1      	LDI  R31,1
000033 bffb      	OUT  GICR,R31
000034 bfeb      	OUT  GICR,R30
000035 bfe5      	OUT  MCUCR,R30
                 
                 ;DISABLE WATCHDOG
000036 e1f8      	LDI  R31,0x18
000037 bdf1      	OUT  WDTCR,R31
000038 bde1      	OUT  WDTCR,R30
                 
                 ;CLEAR R2-R14
000039 e08d      	LDI  R24,(14-2)+1
00003a e0a2      	LDI  R26,2
00003b 27bb      	CLR  R27
                 __CLEAR_REG:
00003c 93ed      	ST   X+,R30
00003d 958a      	DEC  R24
00003e f7e9      	BRNE __CLEAR_REG
                 
                 ;CLEAR SRAM
00003f e080      	LDI  R24,LOW(__CLEAR_SRAM_SIZE)
000040 e098      	LDI  R25,HIGH(__CLEAR_SRAM_SIZE)
000041 e6a0      	LDI  R26,__SRAM_START
                 __CLEAR_SRAM:
000042 93ed      	ST   X+,R30
000043 9701      	SBIW R24,1
000044 f7e9      	BRNE __CLEAR_SRAM
                 
                 ;GLOBAL VARIABLES INITIALIZATION
000045 e5e6      	LDI  R30,LOW(__GLOBAL_INI_TBL*2)
000046 e0f0      	LDI  R31,HIGH(__GLOBAL_INI_TBL*2)
                 __GLOBAL_INI_NEXT:
000047 9185      	LPM  R24,Z+
000048 9195      	LPM  R25,Z+
000049 9700      	SBIW R24,0
00004a f061      	BREQ __GLOBAL_INI_END
00004b 91a5      	LPM  R26,Z+
00004c 91b5      	LPM  R27,Z+
00004d 9005      	LPM  R0,Z+
00004e 9015      	LPM  R1,Z+
00004f 01bf      	MOVW R22,R30
000050 01f0      	MOVW R30,R0
                 __GLOBAL_INI_LOOP:
000051 9005      	LPM  R0,Z+
000052 920d      	ST   X+,R0
000053 9701      	SBIW R24,1
000054 f7e1      	BRNE __GLOBAL_INI_LOOP
000055 01fb      	MOVW R30,R22
000056 cff0      	RJMP __GLOBAL_INI_NEXT
                 __GLOBAL_INI_END:
                 
                 ;HARDWARE STACK POINTER INITIALIZATION
000057 e5ef      	LDI  R30,LOW(__SRAM_END-__HEAP_SIZE)
000058 bfed      	OUT  SPL,R30
000059 e0e8      	LDI  R30,HIGH(__SRAM_END-__HEAP_SIZE)
00005a bfee      	OUT  SPH,R30
                 
                 ;DATA STACK POINTER INITIALIZATION
00005b e6c0      	LDI  R28,LOW(__SRAM_START+__DSTACK_SIZE)
00005c e0d2      	LDI  R29,HIGH(__SRAM_START+__DSTACK_SIZE)
                 
00005d 940c 0083 	JMP  _main
                 
                 	.ESEG
                 	.ORG 0
                 
                 	.DSEG
                 	.ORG 0x260
                 
                 	.CSEG
                 ;/*****************************************************
                 ;This program was produced by the
                 ;CodeWizardAVR V2.05.3 Standard
                 ;Automatic Program Generator
                 ;© Copyright 1998-2011 Pavel Haiduc, HP InfoTech s.r.l.
                 ;http://www.hpinfotech.com
                 ;
                 ;Project :
                 ;Version :
                 ;Date    : 6/30/2013
                 ;Author  : Ardika
                 ;Company : CrowjaEmbedder
                 ;Comments:
                 ;
                 ;
                 ;Chip type               : ATmega32
                 ;Program type            : Application
                 ;AVR Core Clock frequency: 16.000000 MHz
                 ;Memory model            : Small
                 ;External RAM size       : 0
                 ;Data Stack size         : 512
                 ;*****************************************************/
                 ;
                 ;#include <mega32.h>
                 	#ifndef __SLEEP_DEFINED__
                 	#define __SLEEP_DEFINED__
                 	.EQU __se_bit=0x80
                 	.EQU __sm_mask=0x70
                 	.EQU __sm_powerdown=0x20
                 	.EQU __sm_powersave=0x30
                 	.EQU __sm_standby=0x60
                 	.EQU __sm_ext_standby=0x70
                 	.EQU __sm_adc_noise_red=0x10
                 	.SET power_ctrl_reg=mcucr
                 	#endif
                 ;#include <alcd.h>
                 ;#include <delay.h>
                 ;
                 ;#define ADC_VREF_TYPE 0x60
                 ;
                 ;#define CMD_UP      PINC.4
                 ;#define CMD_DOWN    PINC.5
                 ;#define CMD_OK      PINC.6
                 ;#define CMD_CANCEL  PINC.7
                 ;
                 ;#define RIGHT_WING  PIND.0
                 ;#define LEFT_WING   PIND.1
                 ;
                 ;#define RIGHT_PWM   OCR1AL
                 ;#define LEFT_PWM    OCR1BL
                 ;#define RIGHT_DR1   PORTD.6
                 ;#define RIGHT_DR2   PORTD.7
                 ;#define LEFT_DR1    PORTD.2
                 ;#define LEFT_DR2    PORTD.3
                 ;
                 ;// Declare your global variables here
                 ;
                 ;
                 ;void lcdOn(unsigned char on)
                 ; 0000 0031 {
                 
                 	.CSEG
                 _lcdOn:
                 ; 0000 0032     PORTB.3 = on;
00005f 93aa      	ST   -Y,R26
                 ;	on -> Y+0
000060 81e8      	LD   R30,Y
000061 30e0      	CPI  R30,0
000062 f411      	BRNE _0x3
000063 98c3      	CBI  0x18,3
000064 c001      	RJMP _0x4
                 _0x3:
000065 9ac3      	SBI  0x18,3
                 _0x4:
                 ; 0000 0033 }
000066 c0b5      	RJMP _0x2020001
                 ;
                 ;void lcdOnWing()
                 ; 0000 0036 {
                 ; 0000 0037     PORTB.3 = !((LEFT_WING) | (RIGHT_WING));
                 ; 0000 0038 }
                 ;
                 ;void go()
                 ; 0000 003B {
                 _go:
                 ; 0000 003C     RIGHT_DR1 = 0; RIGHT_DR2 = 1;
000067 9896      	CBI  0x12,6
000068 9a97      	SBI  0x12,7
                 ; 0000 003D     LEFT_DR1 = 0; LEFT_DR2 = 1;
000069 9892      	CBI  0x12,2
00006a 9a93      	SBI  0x12,3
                 ; 0000 003E }
00006b 9508      	RET
                 ;
                 ;void back()
                 ; 0000 0041 {
                 _back:
                 ; 0000 0042     RIGHT_DR1 = 1; RIGHT_DR2 = 0;
00006c 9a96      	SBI  0x12,6
00006d 9897      	CBI  0x12,7
                 ; 0000 0043     LEFT_DR1 = 1; LEFT_DR2 = 0;
00006e 9a92      	SBI  0x12,2
00006f 9893      	CBI  0x12,3
                 ; 0000 0044 }
000070 9508      	RET
                 ;
                 ;void left()
                 ; 0000 0047 {
                 ; 0000 0048     RIGHT_DR1 = 0; RIGHT_DR2 = 1;
                 ; 0000 0049     LEFT_DR1 = 0; LEFT_DR2 = 0;
                 ; 0000 004A }
                 ;
                 ;void right()
                 ; 0000 004D {
                 ; 0000 004E     RIGHT_DR1 = 0; RIGHT_DR2 = 0;
                 ; 0000 004F     LEFT_DR1 = 0; LEFT_DR2 = 1;
                 ; 0000 0050 }
                 ;
                 ;void stop(unsigned char usingPowerBrake)
                 ; 0000 0053 {
                 _stop:
                 ; 0000 0054     RIGHT_DR1 = RIGHT_DR2 = LEFT_DR1 = LEFT_DR2 = 0;
000071 93aa      	ST   -Y,R26
                 ;	usingPowerBrake -> Y+0
000072 9893      	CBI  0x12,3
000073 9892      	CBI  0x12,2
000074 9897      	CBI  0x12,7
000075 9896      	CBI  0x12,6
                 ; 0000 0055     if (usingPowerBrake) {
000076 81e8      	LD   R30,Y
000077 30e0      	CPI  R30,0
000078 f049      	BREQ _0x2F
                 ; 0000 0056         back();
000079 dff2      	RCALL _back
                 ; 0000 0057         LEFT_PWM = RIGHT_PWM = 255;
00007a efef      	LDI  R30,LOW(255)
00007b bdea      	OUT  0x2A,R30
00007c bde8      	OUT  0x28,R30
                 ; 0000 0058         delay_ms(100);
00007d e6a4      	LDI  R26,LOW(100)
00007e d09f      	RCALL SUBOPT_0x0
                 ; 0000 0059         LEFT_PWM = RIGHT_PWM = 0;
00007f e0e0      	LDI  R30,LOW(0)
000080 bdea      	OUT  0x2A,R30
000081 bde8      	OUT  0x28,R30
                 ; 0000 005A     }
                 ; 0000 005B 
                 ; 0000 005C }
                 _0x2F:
000082 c099      	RJMP _0x2020001
                 ;
                 ;// Read the 8 most significant bits
                 ;// of the AD conversion result
                 ;unsigned char read_adc(unsigned char adc_input)
                 ; 0000 0061 {
                 ; 0000 0062     ADMUX=adc_input | (ADC_VREF_TYPE & 0xff);
                 ;	adc_input -> Y+0
                 ; 0000 0063     // Delay needed for the stabilization of the ADC input voltage
                 ; 0000 0064     //delay_us(10);
                 ; 0000 0065     // Start the AD conversion
                 ; 0000 0066     ADCSRA|=0x40;
                 ; 0000 0067     // Wait for the AD conversion to complete
                 ; 0000 0068     while (!(ADCSRA & 0x10));
                 ; 0000 0069         ADCSRA |= 0x10;
                 ; 0000 006A     return ADCH;
                 ; 0000 006B }
                 ;
                 ;void lcdPutsByte(unsigned char value)
                 ; 0000 006E {
                 ; 0000 006F     unsigned char ten = (value % 100) / 10;
                 ; 0000 0070     lcd_putchar('0' + (value / 100));
                 ;	value -> Y+1
                 ;	ten -> R17
                 ; 0000 0071     lcd_putchar('0' + ten);
                 ; 0000 0072     lcd_putchar('0' + (value % 10));
                 ; 0000 0073 }
                 ;
                 ;void printSensor()
                 ; 0000 0076 {
                 ; 0000 0077     lcd_gotoxy(0,0); lcdPutsByte(read_adc(0));
                 ; 0000 0078     lcd_gotoxy(4,0); lcdPutsByte(read_adc(1));
                 ; 0000 0079     lcd_gotoxy(8,0); lcdPutsByte(read_adc(2));
                 ; 0000 007A     lcd_gotoxy(12,0); lcdPutsByte(read_adc(3));
                 ; 0000 007B     lcd_gotoxy(0,1); lcdPutsByte(read_adc(4));
                 ; 0000 007C     lcd_gotoxy(4,1); lcdPutsByte(read_adc(5));
                 ; 0000 007D     lcd_gotoxy(8,1); lcdPutsByte(read_adc(6));
                 ; 0000 007E     lcd_gotoxy(12,1); lcdPutsByte(read_adc(7));
                 ; 0000 007F }
                 ;
                 ;void main(void)
                 ; 0000 0082 {
                 _main:
                 ; 0000 0083 
                 ; 0000 0084 PORTA=0x00;
000083 e0e0      	LDI  R30,LOW(0)
000084 bbeb      	OUT  0x1B,R30
                 ; 0000 0085 DDRA=0x00;
000085 bbea      	OUT  0x1A,R30
                 ; 0000 0086 
                 ; 0000 0087 PORTB=0xFF;
000086 efef      	LDI  R30,LOW(255)
000087 bbe8      	OUT  0x18,R30
                 ; 0000 0088 DDRB=0xFF;
000088 bbe7      	OUT  0x17,R30
                 ; 0000 0089 
                 ; 0000 008A PORTC=0x00;
000089 e0e0      	LDI  R30,LOW(0)
00008a bbe5      	OUT  0x15,R30
                 ; 0000 008B DDRC=0x00;
00008b bbe4      	OUT  0x14,R30
                 ; 0000 008C 
                 ; 0000 008D PORTD=0x00;
00008c bbe2      	OUT  0x12,R30
                 ; 0000 008E DDRD=0xFC;
00008d efec      	LDI  R30,LOW(252)
00008e bbe1      	OUT  0x11,R30
                 ; 0000 008F 
                 ; 0000 0090 // Timer/Counter 0 initialization
                 ; 0000 0091 // Clock source: System Clock
                 ; 0000 0092 // Clock value: 2000.000 kHz
                 ; 0000 0093 // Mode: Fast PWM top=0xFF
                 ; 0000 0094 // OC0 output: Disconnected
                 ; 0000 0095 TCCR0=0x4A;
00008f e4ea      	LDI  R30,LOW(74)
000090 bfe3      	OUT  0x33,R30
                 ; 0000 0096 TCNT0=0x00;
000091 e0e0      	LDI  R30,LOW(0)
000092 bfe2      	OUT  0x32,R30
                 ; 0000 0097 OCR0=0x0F;
000093 e0ef      	LDI  R30,LOW(15)
000094 bfec      	OUT  0x3C,R30
                 ; 0000 0098 
                 ; 0000 0099 // Timer/Counter 1 initialization
                 ; 0000 009A // Clock source: System Clock
                 ; 0000 009B // Clock value: 250.000 kHz
                 ; 0000 009C // Mode: Fast PWM top=0x00FF
                 ; 0000 009D // OC1A output: Non-Inv.
                 ; 0000 009E // OC1B output: Non-Inv.
                 ; 0000 009F // Noise Canceler: Off
                 ; 0000 00A0 // Input Capture on Falling Edge
                 ; 0000 00A1 // Timer1 Overflow Interrupt: Off
                 ; 0000 00A2 // Input Capture Interrupt: Off
                 ; 0000 00A3 // Compare A Match Interrupt: Off
                 ; 0000 00A4 // Compare B Match Interrupt: Off
                 ; 0000 00A5 TCCR1A=0xA1;
000095 eae1      	LDI  R30,LOW(161)
000096 bdef      	OUT  0x2F,R30
                 ; 0000 00A6 TCCR1B=0x0B;
000097 e0eb      	LDI  R30,LOW(11)
000098 bdee      	OUT  0x2E,R30
                 ; 0000 00A7 TCNT1H=0x00;
000099 e0e0      	LDI  R30,LOW(0)
00009a bded      	OUT  0x2D,R30
                 ; 0000 00A8 TCNT1L=0x00;
00009b bdec      	OUT  0x2C,R30
                 ; 0000 00A9 ICR1H=0x00;
00009c bde7      	OUT  0x27,R30
                 ; 0000 00AA ICR1L=0x00;
00009d bde6      	OUT  0x26,R30
                 ; 0000 00AB OCR1AH=0x00;
00009e bdeb      	OUT  0x2B,R30
                 ; 0000 00AC OCR1AL=0x00;
00009f bdea      	OUT  0x2A,R30
                 ; 0000 00AD OCR1BH=0x00;
0000a0 bde9      	OUT  0x29,R30
                 ; 0000 00AE OCR1BL=0x00;
0000a1 bde8      	OUT  0x28,R30
                 ; 0000 00AF 
                 ; 0000 00B0 // Timer/Counter 2 initialization
                 ; 0000 00B1 // Clock source: System Clock
                 ; 0000 00B2 // Clock value: Timer2 Stopped
                 ; 0000 00B3 // Mode: Normal top=0xFF
                 ; 0000 00B4 // OC2 output: Disconnected
                 ; 0000 00B5 ASSR=0x00;
0000a2 bde2      	OUT  0x22,R30
                 ; 0000 00B6 TCCR2=0x00;
0000a3 bde5      	OUT  0x25,R30
                 ; 0000 00B7 TCNT2=0x00;
0000a4 bde4      	OUT  0x24,R30
                 ; 0000 00B8 OCR2=0x00;
0000a5 bde3      	OUT  0x23,R30
                 ; 0000 00B9 
                 ; 0000 00BA // External Interrupt(s) initialization
                 ; 0000 00BB // INT0: Off
                 ; 0000 00BC // INT1: Off
                 ; 0000 00BD // INT2: Off
                 ; 0000 00BE MCUCR=0x00;
0000a6 bfe5      	OUT  0x35,R30
                 ; 0000 00BF MCUCSR=0x00;
0000a7 bfe4      	OUT  0x34,R30
                 ; 0000 00C0 
                 ; 0000 00C1 // Timer(s)/Counter(s) Interrupt(s) initialization
                 ; 0000 00C2 TIMSK=0x00;
0000a8 bfe9      	OUT  0x39,R30
                 ; 0000 00C3 
                 ; 0000 00C4 // USART initialization
                 ; 0000 00C5 // USART disabled
                 ; 0000 00C6 UCSRB=0x00;
0000a9 b9ea      	OUT  0xA,R30
                 ; 0000 00C7 
                 ; 0000 00C8 // Analog Comparator initialization
                 ; 0000 00C9 // Analog Comparator: Off
                 ; 0000 00CA // Analog Comparator Input Capture by Timer/Counter 1: Off
                 ; 0000 00CB ACSR=0x80;
0000aa e8e0      	LDI  R30,LOW(128)
0000ab b9e8      	OUT  0x8,R30
                 ; 0000 00CC SFIOR=0x00;
0000ac e0e0      	LDI  R30,LOW(0)
0000ad bfe0      	OUT  0x30,R30
                 ; 0000 00CD 
                 ; 0000 00CE // ADC initialization
                 ; 0000 00CF // ADC Clock frequency: 125.000 kHz
                 ; 0000 00D0 // ADC Voltage Reference: AVCC pin
                 ; 0000 00D1 // Only the 8 most significant bits of
                 ; 0000 00D2 // the AD conversion result are used
                 ; 0000 00D3 ADMUX=ADC_VREF_TYPE & 0xff;
0000ae e6e0      	LDI  R30,LOW(96)
0000af b9e7      	OUT  0x7,R30
                 ; 0000 00D4 ADCSRA=0x87;
0000b0 e8e7      	LDI  R30,LOW(135)
0000b1 b9e6      	OUT  0x6,R30
                 ; 0000 00D5 
                 ; 0000 00D6 // SPI initialization
                 ; 0000 00D7 // SPI disabled
                 ; 0000 00D8 SPCR=0x00;
0000b2 e0e0      	LDI  R30,LOW(0)
0000b3 b9ed      	OUT  0xD,R30
                 ; 0000 00D9 
                 ; 0000 00DA // TWI initialization
                 ; 0000 00DB // TWI disabled
                 ; 0000 00DC TWCR=0x00;
0000b4 bfe6      	OUT  0x36,R30
                 ; 0000 00DD 
                 ; 0000 00DE 
                 ; 0000 00DF // Alphanumeric LCD initialization
                 ; 0000 00E0 // Connections are specified in the
                 ; 0000 00E1 // Project|Configure|C Compiler|Libraries|Alphanumeric LCD menu:
                 ; 0000 00E2 // RS - PORTB Bit 0
                 ; 0000 00E3 // RD - PORTB Bit 1
                 ; 0000 00E4 // EN - PORTB Bit 2
                 ; 0000 00E5 // D4 - PORTB Bit 4
                 ; 0000 00E6 // D5 - PORTB Bit 5
                 ; 0000 00E7 // D6 - PORTB Bit 6
                 ; 0000 00E8 // D7 - PORTB Bit 7
                 ; 0000 00E9 // Characters/line: 16
                 ; 0000 00EA lcd_init(16);
0000b5 e1a0      	LDI  R26,LOW(16)
0000b6 d03e      	RCALL _lcd_init
                 ; 0000 00EB lcd_clear();
0000b7 d02f      	RCALL _lcd_clear
                 ; 0000 00EC 
                 ; 0000 00ED go();
0000b8 dfae      	RCALL _go
                 ; 0000 00EE LEFT_PWM = RIGHT_PWM = 255;
0000b9 efef      	LDI  R30,LOW(255)
0000ba bdea      	OUT  0x2A,R30
0000bb bde8      	OUT  0x28,R30
                 ; 0000 00EF delay_ms(3000);
0000bc eba8      	LDI  R26,LOW(3000)
0000bd e0bb      	LDI  R27,HIGH(3000)
0000be 940e 0128 	CALL _delay_ms
                 ; 0000 00F0 stop(1);
0000c0 e0a1      	LDI  R26,LOW(1)
0000c1 dfaf      	RCALL _stop
                 ; 0000 00F1 lcdOn(1);
0000c2 e0a1      	LDI  R26,LOW(1)
0000c3 df9b      	RCALL _lcdOn
                 ; 0000 00F2 
                 ; 0000 00F3 
                 ; 0000 00F4 
                 ; 0000 00F5     while (1) {
                 _0x33:
                 ; 0000 00F6 
                 ; 0000 00F7     }
0000c4 cfff      	RJMP _0x33
                 ; 0000 00F8 }
                 _0x36:
0000c5 cfff      	RJMP _0x36
                 	#ifndef __SLEEP_DEFINED__
                 	#endif
                 
                 	.DSEG
                 
                 	.CSEG
                 __lcd_write_nibble_G100:
0000c6 93aa      	ST   -Y,R26
0000c7 b3e8      	IN   R30,0x18
0000c8 70ef      	ANDI R30,LOW(0xF)
0000c9 2fae      	MOV  R26,R30
0000ca 81e8      	LD   R30,Y
0000cb 7fe0      	ANDI R30,LOW(0xF0)
0000cc 2bea      	OR   R30,R26
0000cd bbe8      	OUT  0x18,R30
                +
0000ce e08b     +LDI R24 , LOW ( 11 )
                +__DELAY_USB_LOOP :
0000cf 958a     +DEC R24
0000d0 f7f1     +BRNE __DELAY_USB_LOOP
                 	__DELAY_USB 11
0000d1 9ac2      	SBI  0x18,2
                +
0000d2 e18b     +LDI R24 , LOW ( 27 )
                +__DELAY_USB_LOOP :
0000d3 958a     +DEC R24
0000d4 f7f1     +BRNE __DELAY_USB_LOOP
                 	__DELAY_USB 27
0000d5 98c2      	CBI  0x18,2
                +
0000d6 e18b     +LDI R24 , LOW ( 27 )
                +__DELAY_USB_LOOP :
0000d7 958a     +DEC R24
0000d8 f7f1     +BRNE __DELAY_USB_LOOP
                 	__DELAY_USB 27
0000d9 c042      	RJMP _0x2020001
                 __lcd_write_data:
0000da 93aa      	ST   -Y,R26
0000db 81a8      	LD   R26,Y
0000dc dfe9      	RCALL __lcd_write_nibble_G100
0000dd 81e8          ld    r30,y
0000de 95e2          swap  r30
0000df 83e8          st    y,r30
0000e0 81a8      	LD   R26,Y
0000e1 dfe4      	RCALL __lcd_write_nibble_G100
                +
0000e2 ec88     +LDI R24 , LOW ( 200 )
0000e3 e090     +LDI R25 , HIGH ( 200 )
                +__DELAY_USW_LOOP :
0000e4 9701     +SBIW R24 , 1
0000e5 f7f1     +BRNE __DELAY_USW_LOOP
                 	__DELAY_USW 200
0000e6 c035      	RJMP _0x2020001
                 _lcd_clear:
0000e7 e0a2      	LDI  R26,LOW(2)
0000e8 dff1      	RCALL __lcd_write_data
0000e9 e0a3      	LDI  R26,LOW(3)
0000ea d033      	RCALL SUBOPT_0x0
0000eb e0ac      	LDI  R26,LOW(12)
0000ec dfed      	RCALL __lcd_write_data
0000ed e0a1      	LDI  R26,LOW(1)
0000ee dfeb      	RCALL __lcd_write_data
0000ef e0a3      	LDI  R26,LOW(3)
0000f0 d02d      	RCALL SUBOPT_0x0
0000f1 e0e0      	LDI  R30,LOW(0)
0000f2 2e4e      	MOV  R4,R30
0000f3 2e5e      	MOV  R5,R30
0000f4 9508      	RET
                 _lcd_init:
0000f5 93aa      	ST   -Y,R26
0000f6 b3e7      	IN   R30,0x17
0000f7 6fe0      	ORI  R30,LOW(0xF0)
0000f8 bbe7      	OUT  0x17,R30
0000f9 9aba      	SBI  0x17,2
0000fa 9ab8      	SBI  0x17,0
0000fb 9ab9      	SBI  0x17,1
0000fc 98c2      	CBI  0x18,2
0000fd 98c0      	CBI  0x18,0
0000fe 98c1      	CBI  0x18,1
0000ff 8078      	LDD  R7,Y+0
000100 81e8      	LD   R30,Y
000101 58e0      	SUBI R30,-LOW(128)
                +
000102 93e0 0262+STS __base_y_G100 + ( 2 ) , R30
                 	__PUTB1MN __base_y_G100,2
000104 81e8      	LD   R30,Y
000105 54e0      	SUBI R30,-LOW(192)
                +
000106 93e0 0263+STS __base_y_G100 + ( 3 ) , R30
                 	__PUTB1MN __base_y_G100,3
000108 e1a4      	LDI  R26,LOW(20)
000109 d014      	RCALL SUBOPT_0x0
00010a d016      	RCALL SUBOPT_0x1
00010b d015      	RCALL SUBOPT_0x1
00010c d014      	RCALL SUBOPT_0x1
00010d e2a0      	LDI  R26,LOW(32)
00010e dfb7      	RCALL __lcd_write_nibble_G100
                +
00010f e980     +LDI R24 , LOW ( 400 )
000110 e091     +LDI R25 , HIGH ( 400 )
                +__DELAY_USW_LOOP :
000111 9701     +SBIW R24 , 1
000112 f7f1     +BRNE __DELAY_USW_LOOP
                 	__DELAY_USW 400
000113 e2a8      	LDI  R26,LOW(40)
000114 dfc5      	RCALL __lcd_write_data
000115 e0a4      	LDI  R26,LOW(4)
000116 dfc3      	RCALL __lcd_write_data
000117 e8a5      	LDI  R26,LOW(133)
000118 dfc1      	RCALL __lcd_write_data
000119 e0a6      	LDI  R26,LOW(6)
00011a dfbf      	RCALL __lcd_write_data
00011b dfcb      	RCALL _lcd_clear
                 _0x2020001:
00011c 9621      	ADIW R28,1
00011d 9508      	RET
                 
                 	.DSEG
                 __base_y_G100:
000260           	.BYTE 0x4
                 
                 	.CSEG
                 ;OPTIMIZER ADDED SUBROUTINE, CALLED 4 TIMES, CODE SIZE REDUCTION:6 WORDS
                 SUBOPT_0x0:
00011e e0b0      	LDI  R27,0
00011f 940c 0128 	JMP  _delay_ms
                 
                 ;OPTIMIZER ADDED SUBROUTINE, CALLED 3 TIMES, CODE SIZE REDUCTION:7 WORDS
                 SUBOPT_0x1:
000121 e3a0      	LDI  R26,LOW(48)
000122 dfa3      	RCALL __lcd_write_nibble_G100
                +
000123 e980     +LDI R24 , LOW ( 400 )
000124 e091     +LDI R25 , HIGH ( 400 )
                +__DELAY_USW_LOOP :
000125 9701     +SBIW R24 , 1
000126 f7f1     +BRNE __DELAY_USW_LOOP
                 	__DELAY_USW 400
000127 9508      	RET
                 
                 
                 	.CSEG
                 _delay_ms:
000128 9610      	adiw r26,0
000129 f039      	breq __delay_ms1
                 __delay_ms0:
                +
00012a ea80     +LDI R24 , LOW ( 0xFA0 )
00012b e09f     +LDI R25 , HIGH ( 0xFA0 )
                +__DELAY_USW_LOOP :
00012c 9701     +SBIW R24 , 1
00012d f7f1     +BRNE __DELAY_USW_LOOP
                 	__DELAY_USW 0xFA0
00012e 95a8      	wdr
00012f 9711      	sbiw r26,1
000130 f7c9      	brne __delay_ms0
                 __delay_ms1:
000131 9508      	ret
                 
                 ;END OF CODE MARKER
                 __END_OF_CODE:


RESOURCE USE INFORMATION
------------------------

Notice:
The register and instruction counts are symbol table hit counts,
and hence implicitly used resources are not counted, eg, the
'lpm' instruction without operands implicitly uses r0 and z,
none of which are counted.

x,y,z are separate entities in the symbol table and are
counted separately from r26..r31 here.

.dseg memory usage only counts static data declared with .byte

ATmega32 register use summary:
r0 :   4 r1 :   1 r2 :   0 r3 :   0 r4 :   1 r5 :   1 r6 :   0 r7 :   1 
r8 :   0 r9 :   0 r10:   0 r11:   0 r12:   0 r13:   0 r14:   0 r15:   0 
r16:   0 r17:   0 r18:   0 r19:   0 r20:   0 r21:   0 r22:   2 r23:   0 
r24:  21 r25:   6 r26:  31 r27:   4 r28:   2 r29:   1 r30: 100 r31:   5 
x  :   3 y  :  15 z  :   7 
Registers used: 17 out of 35 (48.6%)

ATmega32 instruction use summary:
.lds  :   0 .lds.l:   0 .sts  :   0 .sts.l:   0 adc   :   0 add   :   0 
adiw  :   2 and   :   0 andi  :   2 asr   :   0 bclr  :   0 bld   :   0 
brbc  :   0 brbs  :   0 brcc  :   0 brcs  :   0 break :   0 breq  :   3 
brge  :   0 brhc  :   0 brhs  :   0 brid  :   0 brie  :   0 brlo  :   0 
brlt  :   0 brmi  :   0 brne  :  12 brpl  :   0 brsh  :   0 brtc  :   0 
brts  :   0 brvc  :   0 brvs  :   0 bset  :   0 bst   :   0 call  :   1 
cbi   :  13 cbr   :   0 clc   :   0 clh   :   0 cli   :   1 cln   :   0 
clr   :   2 cls   :   0 clt   :   0 clv   :   0 clz   :   0 com   :   0 
cp    :   0 cpc   :   0 cpi   :   2 cpse  :   0 dec   :   4 des   :   0 
eor   :   0 fmul  :   0 fmuls :   0 fmulsu:   0 icall :   0 ijmp  :   0 
in    :   2 inc   :   0 jmp   :  23 ld    :   8 ldd   :   1 ldi   :  62 
lds   :   0 lpm   :   7 lsl   :   0 lsr   :   0 mov   :   3 movw  :   3 
mul   :   0 muls  :   0 mulsu :   0 neg   :   0 nop   :   0 or    :   1 
ori   :   1 out   :  51 pop   :   0 push  :   0 rcall :  25 ret   :   6 
reti  :   0 rjmp  :   8 rol   :   0 ror   :   0 sbc   :   0 sbci  :   0 
sbi   :   9 sbic  :   0 sbis  :   0 sbiw  :   8 sbr   :   0 sbrc  :   0 
sbrs  :   0 sec   :   0 seh   :   0 sei   :   0 sen   :   0 ser   :   0 
ses   :   0 set   :   0 sev   :   0 sez   :   0 sleep :   0 spm   :   0 
st    :   9 std   :   0 sts   :   2 sub   :   0 subi  :   2 swap  :   1 
tst   :   0 wdr   :   1 
Instructions used: 31 out of 116 (26.7%)

ATmega32 memory use summary [bytes]:
Segment   Begin    End      Code   Data   Used    Size   Use%
---------------------------------------------------------------
[.cseg] 0x000000 0x000264    602     10    612   32768   1.9%
[.dseg] 0x000060 0x000264      0      4      4    2143   0.2%
[.eseg] 0x000000 0x000000      0      0      0    1024   0.0%

Assembly complete, 0 errors, 3 warnings
